<?xml version="1.0" encoding="UTF-8"?>
<testsuite xmlns:xsi="http://www.w3.org/2001/XMLSchema-instance" xsi:noNamespaceSchemaLocation="https://maven.apache.org/surefire/maven-surefire-plugin/xsd/surefire-test-report.xsd" name="org.datahem.processor.measurementprotocol.MeasurementProtocolPipelineTest" time="10.307" tests="16" errors="0" skipped="0" failures="0">
  <properties>
    <property name="java.runtime.name" value="OpenJDK Runtime Environment"/>
    <property name="sun.boot.library.path" value="/usr/lib/jvm/java-8-openjdk-amd64/jre/lib/amd64"/>
    <property name="java.vm.version" value="25.181-b13"/>
    <property name="java.vm.vendor" value="Oracle Corporation"/>
    <property name="maven.multiModuleProjectDirectory" value="/home/robert_sahlin/mhlabs/datahem.processor"/>
    <property name="java.vendor.url" value="http://java.oracle.com/"/>
    <property name="path.separator" value=":"/>
    <property name="guice.disable.misplaced.annotation.check" value="true"/>
    <property name="java.vm.name" value="OpenJDK 64-Bit Server VM"/>
    <property name="file.encoding.pkg" value="sun.io"/>
    <property name="user.country" value="US"/>
    <property name="sun.java.launcher" value="SUN_STANDARD"/>
    <property name="sun.os.patch.level" value="unknown"/>
    <property name="java.vm.specification.name" value="Java Virtual Machine Specification"/>
    <property name="user.dir" value="/home/robert_sahlin/mhlabs/datahem.processor"/>
    <property name="java.runtime.version" value="1.8.0_181-8u181-b13-1~deb9u1-b13"/>
    <property name="java.awt.graphicsenv" value="sun.awt.X11GraphicsEnvironment"/>
    <property name="java.endorsed.dirs" value="/usr/lib/jvm/java-8-openjdk-amd64/jre/lib/endorsed"/>
    <property name="os.arch" value="amd64"/>
    <property name="java.io.tmpdir" value="/tmp"/>
    <property name="line.separator" value="&#10;"/>
    <property name="java.vm.specification.vendor" value="Oracle Corporation"/>
    <property name="os.name" value="Linux"/>
    <property name="classworlds.conf" value="/opt/maven/bin/m2.conf"/>
    <property name="sun.jnu.encoding" value="UTF-8"/>
    <property name="java.library.path" value="/usr/java/packages/lib/amd64:/usr/lib/x86_64-linux-gnu/jni:/lib/x86_64-linux-gnu:/usr/lib/x86_64-linux-gnu:/usr/lib/jni:/lib:/usr/lib"/>
    <property name="java.specification.name" value="Java Platform API Specification"/>
    <property name="java.class.version" value="52.0"/>
    <property name="sun.management.compiler" value="HotSpot 64-Bit Tiered Compilers"/>
    <property name="os.version" value="4.14.33+"/>
    <property name="user.home" value="/home/robert_sahlin"/>
    <property name="user.timezone" value="Africa/Ceuta"/>
    <property name="java.awt.printerjob" value="sun.print.PSPrinterJob"/>
    <property name="file.encoding" value="UTF-8"/>
    <property name="java.specification.version" value="1.8"/>
    <property name="user.name" value="robert_sahlin"/>
    <property name="java.class.path" value="/opt/maven/boot/plexus-classworlds-2.5.2.jar"/>
    <property name="java.vm.specification.version" value="1.8"/>
    <property name="sun.arch.data.model" value="64"/>
    <property name="java.home" value="/usr/lib/jvm/java-8-openjdk-amd64/jre"/>
    <property name="sun.java.command" value="org.codehaus.plexus.classworlds.launcher.Launcher test"/>
    <property name="java.specification.vendor" value="Oracle Corporation"/>
    <property name="user.language" value="en"/>
    <property name="awt.toolkit" value="sun.awt.X11.XToolkit"/>
    <property name="java.vm.info" value="mixed mode"/>
    <property name="java.version" value="1.8.0_181"/>
    <property name="java.ext.dirs" value="/usr/lib/jvm/java-8-openjdk-amd64/jre/lib/ext:/usr/java/packages/lib/ext"/>
    <property name="securerandom.source" value="file:/dev/./urandom"/>
    <property name="sun.boot.class.path" value="/usr/lib/jvm/java-8-openjdk-amd64/jre/lib/resources.jar:/usr/lib/jvm/java-8-openjdk-amd64/jre/lib/rt.jar:/usr/lib/jvm/java-8-openjdk-amd64/jre/lib/sunrsasign.jar:/usr/lib/jvm/java-8-openjdk-amd64/jre/lib/jsse.jar:/usr/lib/jvm/java-8-openjdk-amd64/jre/lib/jce.jar:/usr/lib/jvm/java-8-openjdk-amd64/jre/lib/charsets.jar:/usr/lib/jvm/java-8-openjdk-amd64/jre/lib/jfr.jar:/usr/lib/jvm/java-8-openjdk-amd64/jre/classes"/>
    <property name="java.vendor" value="Oracle Corporation"/>
    <property name="maven.home" value="/opt/maven"/>
    <property name="file.separator" value="/"/>
    <property name="java.vendor.url.bug" value="http://bugreport.sun.com/bugreport/"/>
    <property name="sun.cpu.endian" value="little"/>
    <property name="sun.io.unicode.encoding" value="UnicodeLittle"/>
    <property name="sun.cpu.isalist" value=""/>
  </properties>
  <testcase name="userPromotionTest" classname="org.datahem.processor.measurementprotocol.MeasurementProtocolPipelineTest" time="6.848"/>
  <testcase name="userTransactionTest" classname="org.datahem.processor.measurementprotocol.MeasurementProtocolPipelineTest" time="6.873"/>
  <testcase name="userPageviewTest" classname="org.datahem.processor.measurementprotocol.MeasurementProtocolPipelineTest" time="6.866"/>
  <testcase name="userSiteSearchTest" classname="org.datahem.processor.measurementprotocol.MeasurementProtocolPipelineTest" time="0.966"/>
  <testcase name="userSocialTest" classname="org.datahem.processor.measurementprotocol.MeasurementProtocolPipelineTest" time="0.869"/>
  <testcase name="userGoogleSearchAdsTest" classname="org.datahem.processor.measurementprotocol.MeasurementProtocolPipelineTest" time="1.031"/>
  <testcase name="userCampaignTest" classname="org.datahem.processor.measurementprotocol.MeasurementProtocolPipelineTest" time="0.99"/>
  <testcase name="userSocialTrafficPageviewTest" classname="org.datahem.processor.measurementprotocol.MeasurementProtocolPipelineTest" time="0.95"/>
  <testcase name="userProductTest" classname="org.datahem.processor.measurementprotocol.MeasurementProtocolPipelineTest" time="1.008"/>
  <testcase name="botPageviewTest" classname="org.datahem.processor.measurementprotocol.MeasurementProtocolPipelineTest" time="0.478"/>
  <testcase name="userExperimentTest" classname="org.datahem.processor.measurementprotocol.MeasurementProtocolPipelineTest" time="0.696"/>
  <testcase name="userTimingTest" classname="org.datahem.processor.measurementprotocol.MeasurementProtocolPipelineTest" time="0.595"/>
  <testcase name="userProductImpressionTest" classname="org.datahem.processor.measurementprotocol.MeasurementProtocolPipelineTest" time="0.648"/>
  <testcase name="userOrganicSearchPageviewTest" classname="org.datahem.processor.measurementprotocol.MeasurementProtocolPipelineTest" time="0.655"/>
  <testcase name="userEventTest" classname="org.datahem.processor.measurementprotocol.MeasurementProtocolPipelineTest" time="0.497"/>
  <testcase name="userExceptionTest" classname="org.datahem.processor.measurementprotocol.MeasurementProtocolPipelineTest" time="0.42"/>
</testsuite>